Traceback (most recent call last):
  File "/home/alejo/.local/lib/python3.10/site-packages/jupyter_cache/executors/utils.py", line 58, in single_nb_execution
    executenb(
  File "/home/alejo/.local/lib/python3.10/site-packages/nbclient/client.py", line 1305, in execute
    return NotebookClient(nb=nb, resources=resources, km=km, **kwargs).execute()
  File "/home/alejo/.local/lib/python3.10/site-packages/jupyter_core/utils/__init__.py", line 173, in wrapped
    return loop.run_until_complete(inner)
  File "/usr/lib/python3.10/asyncio/base_events.py", line 649, in run_until_complete
    return future.result()
  File "/home/alejo/.local/lib/python3.10/site-packages/nbclient/client.py", line 705, in async_execute
    await self.async_execute_cell(
  File "/home/alejo/.local/lib/python3.10/site-packages/nbclient/client.py", line 1058, in async_execute_cell
    await self._check_raise_for_error(cell, cell_index, exec_reply)
  File "/home/alejo/.local/lib/python3.10/site-packages/nbclient/client.py", line 914, in _check_raise_for_error
    raise CellExecutionError.from_cell_and_msg(cell, exec_reply_content)
nbclient.exceptions.CellExecutionError: An error occurred while executing the following cell:
------------------
# summary of clusters
X.groupby('cluster').mean().plot(kind='scatter', x='GrLivArea', y='SalePrice')

------------------


[0;31m---------------------------------------------------------------------------[0m
[0;31mKeyError[0m                                  Traceback (most recent call last)
Cell [0;32mIn[51], line 2[0m
[1;32m      1[0m [38;5;66;03m# summary of clusters[39;00m
[0;32m----> 2[0m [43mX[49m[38;5;241;43m.[39;49m[43mgroupby[49m[43m([49m[38;5;124;43m'[39;49m[38;5;124;43mcluster[39;49m[38;5;124;43m'[39;49m[43m)[49m[38;5;241m.[39mmean()[38;5;241m.[39mplot(kind[38;5;241m=[39m[38;5;124m'[39m[38;5;124mscatter[39m[38;5;124m'[39m, x[38;5;241m=[39m[38;5;124m'[39m[38;5;124mGrLivArea[39m[38;5;124m'[39m, y[38;5;241m=[39m[38;5;124m'[39m[38;5;124mSalePrice[39m[38;5;124m'[39m)

File [0;32m~/.local/lib/python3.10/site-packages/pandas/core/frame.py:8402[0m, in [0;36mDataFrame.groupby[0;34m(self, by, axis, level, as_index, sort, group_keys, squeeze, observed, dropna)[0m
[1;32m   8399[0m     [38;5;28;01mraise[39;00m [38;5;167;01mTypeError[39;00m([38;5;124m"[39m[38;5;124mYou have to supply one of [39m[38;5;124m'[39m[38;5;124mby[39m[38;5;124m'[39m[38;5;124m and [39m[38;5;124m'[39m[38;5;124mlevel[39m[38;5;124m'[39m[38;5;124m"[39m)
[1;32m   8400[0m axis [38;5;241m=[39m [38;5;28mself[39m[38;5;241m.[39m_get_axis_number(axis)
[0;32m-> 8402[0m [38;5;28;01mreturn[39;00m [43mDataFrameGroupBy[49m[43m([49m
[1;32m   8403[0m [43m    [49m[43mobj[49m[38;5;241;43m=[39;49m[38;5;28;43mself[39;49m[43m,[49m
[1;32m   8404[0m [43m    [49m[43mkeys[49m[38;5;241;43m=[39;49m[43mby[49m[43m,[49m
[1;32m   8405[0m [43m    [49m[43maxis[49m[38;5;241;43m=[39;49m[43maxis[49m[43m,[49m
[1;32m   8406[0m [43m    [49m[43mlevel[49m[38;5;241;43m=[39;49m[43mlevel[49m[43m,[49m
[1;32m   8407[0m [43m    [49m[43mas_index[49m[38;5;241;43m=[39;49m[43mas_index[49m[43m,[49m
[1;32m   8408[0m [43m    [49m[43msort[49m[38;5;241;43m=[39;49m[43msort[49m[43m,[49m
[1;32m   8409[0m [43m    [49m[43mgroup_keys[49m[38;5;241;43m=[39;49m[43mgroup_keys[49m[43m,[49m
[1;32m   8410[0m [43m    [49m[43msqueeze[49m[38;5;241;43m=[39;49m[43msqueeze[49m[43m,[49m
[1;32m   8411[0m [43m    [49m[43mobserved[49m[38;5;241;43m=[39;49m[43mobserved[49m[43m,[49m
[1;32m   8412[0m [43m    [49m[43mdropna[49m[38;5;241;43m=[39;49m[43mdropna[49m[43m,[49m
[1;32m   8413[0m [43m[49m[43m)[49m

File [0;32m~/.local/lib/python3.10/site-packages/pandas/core/groupby/groupby.py:965[0m, in [0;36mGroupBy.__init__[0;34m(self, obj, keys, axis, level, grouper, exclusions, selection, as_index, sort, group_keys, squeeze, observed, mutated, dropna)[0m
[1;32m    962[0m [38;5;28;01mif[39;00m grouper [38;5;129;01mis[39;00m [38;5;28;01mNone[39;00m:
[1;32m    963[0m     [38;5;28;01mfrom[39;00m [38;5;21;01mpandas[39;00m[38;5;21;01m.[39;00m[38;5;21;01mcore[39;00m[38;5;21;01m.[39;00m[38;5;21;01mgroupby[39;00m[38;5;21;01m.[39;00m[38;5;21;01mgrouper[39;00m [38;5;28;01mimport[39;00m get_grouper
[0;32m--> 965[0m     grouper, exclusions, obj [38;5;241m=[39m [43mget_grouper[49m[43m([49m
[1;32m    966[0m [43m        [49m[43mobj[49m[43m,[49m
[1;32m    967[0m [43m        [49m[43mkeys[49m[43m,[49m
[1;32m    968[0m [43m        [49m[43maxis[49m[38;5;241;43m=[39;49m[43maxis[49m[43m,[49m
[1;32m    969[0m [43m        [49m[43mlevel[49m[38;5;241;43m=[39;49m[43mlevel[49m[43m,[49m
[1;32m    970[0m [43m        [49m[43msort[49m[38;5;241;43m=[39;49m[43msort[49m[43m,[49m
[1;32m    971[0m [43m        [49m[43mobserved[49m[38;5;241;43m=[39;49m[43mobserved[49m[43m,[49m
[1;32m    972[0m [43m        [49m[43mmutated[49m[38;5;241;43m=[39;49m[38;5;28;43mself[39;49m[38;5;241;43m.[39;49m[43mmutated[49m[43m,[49m
[1;32m    973[0m [43m        [49m[43mdropna[49m[38;5;241;43m=[39;49m[38;5;28;43mself[39;49m[38;5;241;43m.[39;49m[43mdropna[49m[43m,[49m
[1;32m    974[0m [43m    [49m[43m)[49m
[1;32m    976[0m [38;5;28mself[39m[38;5;241m.[39mobj [38;5;241m=[39m obj
[1;32m    977[0m [38;5;28mself[39m[38;5;241m.[39maxis [38;5;241m=[39m obj[38;5;241m.[39m_get_axis_number(axis)

File [0;32m~/.local/lib/python3.10/site-packages/pandas/core/groupby/grouper.py:888[0m, in [0;36mget_grouper[0;34m(obj, key, axis, level, sort, observed, mutated, validate, dropna)[0m
[1;32m    886[0m         in_axis, level, gpr [38;5;241m=[39m [38;5;28;01mFalse[39;00m, gpr, [38;5;28;01mNone[39;00m
[1;32m    887[0m     [38;5;28;01melse[39;00m:
[0;32m--> 888[0m         [38;5;28;01mraise[39;00m [38;5;167;01mKeyError[39;00m(gpr)
[1;32m    889[0m [38;5;28;01melif[39;00m [38;5;28misinstance[39m(gpr, Grouper) [38;5;129;01mand[39;00m gpr[38;5;241m.[39mkey [38;5;129;01mis[39;00m [38;5;129;01mnot[39;00m [38;5;28;01mNone[39;00m:
[1;32m    890[0m     [38;5;66;03m# Add key to exclusions[39;00m
[1;32m    891[0m     exclusions[38;5;241m.[39madd(gpr[38;5;241m.[39mkey)

[0;31mKeyError[0m: 'cluster'

